Reading data files in directory: RRCoral_fDOM/Run1/
Reading in sample key
 [1] "Reading data files in directory: RRCoral_fDOM/Run1/"                           
 [2] "Reading in sample key"                                                         
 [3] "Blanks detected in sample key = 4"                                             
 [4] "Total N samples = 28"                                                          
 [5] "Total N groups = 4"                                                            
 [6] "Total N blanks  = 4"                                                           
 [7] "N samples in each group = 7"                                                   
 [8] "N samples in last group = 7"                                                   
 [9] "Absorbance files detected, including absorbance data and IFE correction"       
[10] "writing out sample_sheet as: RRCoral_1_sample_sheet.csv"                       
[11] "extracting EEM data from files"                                                
[12] "[1] \"Good. All SEM files exist.\""                                            
[13] "Absorbance (ABS) files detected, reading absorbance data"                      
[14] "calculating Raman Areas"                                                       
[15] "performing Inner Filter Correction"                                            
[16] "performing Raman scaling"                                                      
[17] "performing Rayleigh scatter subtraction"                                       
[18] "writing out cleaned EEM files to directory processed_data > processed_matrices"
[19] "calculating indices"                                                           
[20] "index calculated:  CobleA"                                                     
[21] "index calculated:  CobleB"                                                     
[22] "index calculated:  CobleC"                                                     
[23] "index calculated:  CobleM"                                                     
[24] "index calculated:  CobleT"                                                     
[25] "index calculated:  Fpeak"                                                      
[26] "index calculated:  Stedmon_D"                                                  
[27] "index calculated:  Optical_Brighteners"                                        
[28] "index calculated:  dieselBandII"                                               
[29] "index calculated:  Petroleum"                                                  
[30] "index calculated:  Lignin"                                                     
[31] "index calculated:  BIX"                                                        
[32] "index calculated:  HIX"                                                        
[33] "index calculated:  FI"                                                         
[34] "index calculated:  M_to_C"                                                     
[35] "index calculated:  JP5_empirical"                                              
[36] "index calculated:  JP5_normalized"                                             
[37] "index calculated:  Diesel_Chen"                                                
[38] "writing out indices to processed_data > fDOM_indices_out.csv"                  
[39] "DONE: indices written out to RRCoral_1_fDOM_indices_out.csv"                   
