Reading data files in directory: data/projects/Around_The_Island_fDOM/around_the_island/run1/
Reading in sample key
 [1] "Reading data files in directory: data/projects/Around_The_Island_fDOM/around_the_island/run2/" "Reading in sample key"                                                                        
 [3] "Blanks detected in sample key = 4"                                                             "Total N samples = 22"                                                                         
 [5] "Total N groups = 4"                                                                            "Total N blanks  = 4"                                                                          
 [7] "N samples in each group = 7"                                                                   "N samples in last group = 1"                                                                  
 [9] "Absorbance files detected, including absorbance data and IFE correction"                       "writing out sample_sheet as: aroundtheisland_run2_sample_sheet.csv"                           
[11] "extracting EEM data from files"                                                                "[1] \"Good. All SEM files exist.\""                                                           
[13] "Absorbance (ABS) files detected, reading absorbance data"                                      "calculating Raman Areas"                                                                      
[15] "performing Inner Filter Correction"                                                            "performing Raman scaling"                                                                     
[17] "performing Rayleigh scatter subtraction"                                                       "writing out cleaned EEM files to directory processed_data > processed_matrices"               
[19] "calculating indices"                                                                           "index calculated:  CobleA"                                                                    
[21] "index calculated:  CobleB"                                                                     "index calculated:  CobleC"                                                                    
[23] "index calculated:  CobleM"                                                                     "index calculated:  CobleT"                                                                    
[25] "index calculated:  Fpeak"                                                                      "index calculated:  Stedmon_D"                                                                 
[27] "index calculated:  Optical_Brighteners"                                                        "index calculated:  dieselBandII"                                                              
[29] "index calculated:  Petroleum"                                                                  "index calculated:  Lignin"                                                                    
[31] "index calculated:  BIX"                                                                        "index calculated:  HIX"                                                                       
[33] "index calculated:  FI"                                                                         "index calculated:  M_to_C"                                                                    
[35] "index calculated:  JP5_empirical"                                                              "index calculated:  JP5_normalized"                                                            
[37] "index calculated:  Diesel_Chen"                                                                "writing out indices to processed_data > fDOM_indices_out.csv"                                 
[39] "DONE: indices written out to aroundtheisland_run2_fDOM_indices_out.csv"                       
 [1] "Reading data files in directory: data/projects/Around_The_Island_fDOM/around_the_island/run3/" "Reading in sample key"                                                                        
 [3] "Blanks detected in sample key = 7"                                                             "Total N samples = 43"                                                                         
 [5] "Total N groups = 7"                                                                            "Total N blanks  = 7"                                                                          
 [7] "N samples in each group = 7"                                                                   "N samples in last group = 1"                                                                  
 [9] "Absorbance files detected, including absorbance data and IFE correction"                       "writing out sample_sheet as: aroundtheisland_run3_sample_sheet.csv"                           
[11] "extracting EEM data from files"                                                                "[1] \"Good. All SEM files exist.\""                                                           
[13] "Absorbance (ABS) files detected, reading absorbance data"                                      "calculating Raman Areas"                                                                      
[15] "performing Inner Filter Correction"                                                            "performing Raman scaling"                                                                     
[17] "performing Rayleigh scatter subtraction"                                                       "writing out cleaned EEM files to directory processed_data > processed_matrices"               
[19] "calculating indices"                                                                           "index calculated:  CobleA"                                                                    
[21] "index calculated:  CobleB"                                                                     "index calculated:  CobleC"                                                                    
[23] "index calculated:  CobleM"                                                                     "index calculated:  CobleT"                                                                    
[25] "index calculated:  Fpeak"                                                                      "index calculated:  Stedmon_D"                                                                 
[27] "index calculated:  Optical_Brighteners"                                                        "index calculated:  dieselBandII"                                                              
[29] "index calculated:  Petroleum"                                                                  "index calculated:  Lignin"                                                                    
[31] "index calculated:  BIX"                                                                        "index calculated:  HIX"                                                                       
[33] "index calculated:  FI"                                                                         "index calculated:  M_to_C"                                                                    
[35] "index calculated:  JP5_empirical"                                                              "index calculated:  JP5_normalized"                                                            
[37] "index calculated:  Diesel_Chen"                                                                "writing out indices to processed_data > fDOM_indices_out.csv"                                 
[39] "DONE: indices written out to aroundtheisland_run3_fDOM_indices_out.csv"                       
