[1] "Aqualog Parameters"
Slitwidth
5
ExStart
240
ExEnd
500
ExStep
5
EmStart
248
EmEnd
824.6
EmStep
4.65
 [1] "extracting EEM data from files"                                                 "[1] \"Good. All SEM files exist.\""                                            
 [3] "Absorbance (ABS) files detected, reading absorbance data"                       "calculating Raman Areas"                                                       
 [5] "performing Inner Filter Correction"                                             "performing Raman scaling"                                                      
 [7] "performing Rayleigh scatter subtraction"                                        "writing out cleaned EEM files to directory processed_data > processed_matrices"
 [9] "calculating indices"                                                            "index calculated:  CobleA"                                                     
[11] "index calculated:  CobleB"                                                      "index calculated:  CobleC"                                                     
[13] "index calculated:  CobleM"                                                      "index calculated:  CobleT"                                                     
[15] "index calculated:  Fpeak"                                                       "index calculated:  Stedmon_D"                                                  
[17] "index calculated:  Optical_Brighteners"                                         "index calculated:  dieselBandII"                                               
[19] "index calculated:  Petroleum"                                                   "index calculated:  Lignin"                                                     
[21] "index calculated:  BIX"                                                         "index calculated:  HIX"                                                        
[23] "index calculated:  FI"                                                          "index calculated:  M_to_C"                                                     
[25] "index calculated:  JP5_empirical"                                               "index calculated:  JP5_normalized"                                             
[27] "index calculated:  Diesel_Chen"                                                 "writing out indices to processed_data > fDOM_indices_out.csv"                  
[29] "DONE: indices written out to cabral_fDOM_indices_out.csv"                      
[[1]]

[[2]]

[[3]]

[[4]]

[[5]]

[[6]]

[[7]]

[[8]]

[[9]]

[[10]]

[[11]]

[[12]]

[[13]]

[[14]]

[[15]]

[[16]]

[[17]]

[[18]]

[[19]]

[[20]]

[[21]]

[[22]]

[[23]]

[[24]]

[[25]]

[[26]]

[[27]]

[[28]]

[[29]]

[[30]]

[[31]]

[[32]]

[[33]]

[[34]]

[[35]]

[[36]]

[[37]]

[[38]]

[[39]]

[[40]]

[[41]]

[[42]]

[[43]]

[[44]]

[[45]]

[[46]]

[[47]]

[[48]]

[[49]]

[[50]]

[[51]]

[[52]]

[[53]]

[[54]]

[[55]]

[[56]]

[[57]]

[[58]]

[[59]]

[[60]]

[[61]]

[[62]]

[[63]]

[[64]]

[[65]]

[[66]]

[[67]]

[[68]]

[[69]]

[[70]]

[[71]]

[[72]]

[[73]]

[[74]]

[[75]]

[[76]]

[[77]]

[[78]]

[[79]]

[[80]]

[[81]]

[[82]]

[[83]]

[[84]]

[[85]]

[[86]]

[[87]]

[[88]]

[[89]]

[[90]]

[[91]]

[[92]]

[[93]]

[[94]]

[[95]]

[[96]]

RStudioGD 
        2 
[1] "test"
