[1] "test"
         CobleA      CobleB      CobleC      CobleM      CobleT        Fpeak    Stedmon_D Optical_Brighteners dieselBandII   Petroleum      Lignin       BIX       HIX       FI    M_to_C JP5_empirical JP5_normalized
 1: 0.037017750 0.104942216 0.036365704 0.043604949 0.087274576 0.0450540805 0.0155733701         0.028576839 0.0113787742 0.035886890 0.084656794 0.8346606 1.1388409 1.848764 0.8339811     5.0273381     0.09876918
 2: 0.015876129 0.095451506 0.014601204 0.020945813 0.104560441 0.0344793179 0.0069847117         0.012022598 0.0049210382 0.017230197 0.076805701 0.9868493 0.4058859 1.884437 0.6970942     5.7608502     0.19605233
 3: 0.037350343 0.107274920 0.034141659 0.048558678 0.097319063 0.0319228779 0.0150961031         0.026409677 0.0111526699 0.034904820 0.098680859 0.8628167 0.6824599 1.774600 0.7031011     5.8478435     0.11411374
 4: 0.031899091 0.160360940 0.030664804 0.038930227 0.135598301 0.0663939922 0.0138831599         0.024737496 0.0106155831 0.030059603 0.100277693 0.9333084 0.4345941 1.909264 0.7876862     8.6391598     0.17151691
 5: 0.025635306 0.083886541 0.023000718 0.029457987 0.056168409 0.0265601838 0.0108750402         0.017681405 0.0083807913 0.025841900 0.050561496 0.7684850 0.9004089 1.875772 0.7807974     3.3804617     0.09935836
 6: 0.016771305 0.086904720 0.016785631 0.020025915 0.043981221 0.0343831197 0.0068897811         0.013184197 0.0049538398 0.016868842 0.035108942 0.8149173 0.8526395 2.016680 0.8381955     3.0420586     0.12045133
 7: 0.022443214 0.091070820 0.020625595 0.025696352 0.056043813 0.0276344038 0.0093453444         0.016205501 0.0068225608 0.023263416 0.064578476 0.8137538 1.0934541 1.863068 0.8026663     3.5234835     0.11165812
 8: 0.033723844 0.104713361 0.031661060 0.046289123 0.101079388 0.0428029690 0.0133298768         0.024868254 0.0101062839 0.029712182 0.093859878 0.9140650 0.6400807 1.930094 0.6839849     6.1186456     0.12266307
 9: 0.048623639 0.168639146 0.046277170 0.059227592 0.117387429 0.0576806374 0.0198132089         0.035786935 0.0149350455 0.045115853 0.099240746 0.8472481 1.0000050 1.860933 0.7813448     7.2912751     0.11130698
10: 0.034116053 0.107784755 0.032278296 0.038731402 0.088902162 0.0237265358 0.0150841872         0.024491404 0.0114989580 0.034527896 0.043999680 0.7949381 0.8663070 1.820850 0.8333883     5.1990278     0.11004300
11: 0.054872147 0.142985535 0.051212327 0.066369112 0.111641477 0.0705899138 0.0229074719         0.039416400 0.0178769366 0.049842233 0.110940582 0.8292459 1.1166028 1.828268 0.7716289     6.6180965     0.09488875
12: 0.027049998 0.076206192 0.027070749 0.030903338 0.059703324 0.0309733311 0.0120051631         0.020708967 0.0090250673 0.029414519 0.072833466 0.8189547 1.1672917 1.742547 0.8759814     3.3461117     0.08924424
13: 0.021099657 0.135578800 0.020331188 0.026972275 0.083466603 0.0703435048 0.0082351324         0.015063608 0.0059901152 0.019438632 0.071172176 0.8376287 0.5984633 1.931924 0.7537810     5.3083633     0.16399083
14: 0.016579365 0.088253427 0.016969185 0.020064295 0.052105663 0.0429043960 0.0070411502         0.012815581 0.0049380548 0.018097368 0.051819627 0.8443512 0.8235564 1.899812 0.8457404     3.3826119     0.13001441
15: 0.016830709 0.030572697 0.017431577 0.018514310 0.040607239 0.0165384547 0.0081565575         0.013853578 0.0055707547 0.017993100 0.037049504 0.8129054 1.0394918 1.787192 0.9415191     2.1093985     0.08822142
16: 0.016985088 0.088126877 0.017480055 0.021130068 0.066424106 0.0564185794 0.0080656412         0.013594324 0.0057264340 0.017927725 0.048058030 0.8802606 0.5512348 1.737251 0.8272598     4.0687043     0.14560922
17: 0.030433458 0.121457321 0.027476155 0.038871331 0.083441704 0.0626915848 0.0110749205         0.020498993 0.0086460728 0.026632748 0.078743651 0.8647072 0.7885597 1.914938 0.7068488     5.2124311     0.12271263
18: 0.037245116 0.094729506 0.036221729 0.044809235 0.080403943 0.0589535648 0.0154778303         0.028555391 0.0109125963 0.035034514 0.075063539 0.8401559 1.2466131 1.824013 0.8083541     4.5762294     0.09084721
19: 0.029658568 0.141371316 0.029397952 0.035722994 0.114787585 0.0571834074 0.0130926050         0.023594574 0.0101180367 0.028953118 0.099378901 0.8653304 0.4710453 1.838605 0.8229420     7.2749001     0.15522916
20: 0.041297961 0.129649429 0.040557055 0.050216800 0.091707399 0.0645783502 0.0192739405         0.032087807 0.0147017788 0.039218407 0.090024342 0.7934443 0.9467033 1.743738 0.8076392     5.8026169     0.10213111
21: 0.005699501 0.014765378 0.005381717 0.009081308 0.016796828 0.0118545156 0.0025815332         0.004159995 0.0014879968 0.006134513 0.015315901 0.7609722 0.5785471 1.972851 0.5926148     1.0531736     0.11142809
22: 0.019824276 0.071476343 0.018924211 0.025474308 0.051024597 0.0487982496 0.0085006548         0.014497677 0.0062664437 0.020580131 0.064869885 0.8994268 0.8833297 1.822361 0.7428744     3.1721318     0.10820462
23: 0.025738368 0.112359760 0.024630205 0.030640525 0.078439911 0.0494777168 0.0105802795         0.018388940 0.0077361836 0.026210366 0.089669190 0.8296231 0.8474482 1.753415 0.8038441     4.7134366     0.12500357
24: 0.014665307 0.109044260 0.013145957 0.018047212 0.094444844 0.0535609803 0.0057305155         0.009654900 0.0043616671 0.016213896 0.069916759 0.9375006 0.3810223 1.859955 0.7284204     5.2008839     0.19655383
25: 0.012782835 0.099818432 0.011670214 0.015201592 0.065466839 0.0449905347 0.0054989413         0.008766777 0.0038917349 0.013587427 0.060879224 0.8637477 0.4528691 1.813737 0.7676968     4.0355256     0.18048946
26: 0.035836990 0.051215226 0.033044244 0.039564219 0.057996448 0.0385766150 0.0160607616         0.027055555 0.0121443645 0.035357492 0.061475909 0.7234958 1.3392094 1.622435 0.8352053     3.0581352     0.06899740
27: 0.034723377 0.103396857 0.032964822 0.043985304 0.079317163 0.0496607828 0.0146667174         0.026016799 0.0117585499 0.032017971 0.089053804 0.8434710 0.7799444 1.775953 0.7494508     5.0034984     0.10328785
28: 0.022499588 0.091604732 0.021429011 0.026295731 0.048991815 0.0436383227 0.0097691973         0.016993110 0.0072177342 0.023242774 0.049200798 0.7647191 1.1390280 1.774556 0.8149236     3.1346630     0.09928162
29: 0.014641403 0.080442585 0.013731148 0.019627186 0.048223850 0.0340324459 0.0060326824         0.009815559 0.0042330165 0.013474343 0.060322748 0.9513384 0.5662870 2.068198 0.6995984     3.2013060     0.13697267
30: 0.020165483 0.100465881 0.019506432 0.027330687 0.056287149 0.0416400313 0.0079763765         0.015192223 0.0059462061 0.018265047 0.065931682 0.8364375 0.6727428 1.915433 0.7137190     3.7785910     0.12658095
31: 0.012648259 0.014297258 0.012180632 0.014596864 0.015507753 0.0047954088 0.0060883385         0.009496370 0.0045712643 0.013414454 0.026075982 0.8077246 0.8872635 1.655063 0.8344691     1.0242175     0.06003281
32: 0.030440542 0.037536209 0.029218964 0.032058864 0.039152777 0.0136972948 0.0141591105         0.023810796 0.0106559275 0.031176803 0.023082105 0.7752313 1.5257026 1.737964 0.9114161     2.0913663     0.05495260
33: 0.012910343 0.019955573 0.013968908 0.013935116 0.014337047 0.0139527450 0.0069194736         0.010471549 0.0048695156 0.015569543 0.009128589 0.9177894 1.1605621 1.617320 1.0024249     0.9807761     0.05596010
34: 0.027019715 0.115045338 0.025694753 0.032255008 0.103105643 0.0510786595 0.0108161142         0.020507768 0.0077449418 0.025668394 0.086937433 0.8453785 0.7687136 1.789004 0.7966128     5.5684158     0.14162954
35: 0.031343512 0.105870395 0.030037790 0.038528084 0.095358813 0.0443095466 0.0131787778         0.023244016 0.0094156283 0.029184156 0.097116454 0.9091110 0.6854432 1.926118 0.7796336     5.8944133     0.12944203
36: 0.020763266 0.074576934 0.019815875 0.023935667 0.038765736 0.0301791464 0.0089114375         0.015300747 0.0055986221 0.020633447 0.068352607 0.7598607 1.4189551 1.857393 0.8278806     2.4557556     0.08506425
37: 0.009416860 0.005923010 0.010480874 0.010403710 0.000000000 0.0176065916 0.0050606813         0.008947868 0.0030942539 0.010554442 0.000000000 0.8556085 2.2620199 1.539045 1.0074169     0.1746149     0.01454825
38: 0.034132620 0.092729578 0.034631502 0.041564685 0.070751703 0.0508779278 0.0158863791         0.027751101 0.0120165482 0.032952777 0.081485708 0.9237574 0.9069913 1.774503 0.8331954     4.4332849     0.09491493
39: 0.003698640 0.011977055 0.003408853 0.005402687 0.005878995 0.0016249876 0.0018948251         0.002381540 0.0014555371 0.004360147 0.016103609 0.7694834 0.4678965 1.531558 0.6309552     0.5047392     0.08610306
40: 0.006073402 0.012686763 0.004794257 0.008012066 0.007847498 0.0187050842 0.0027613478         0.003856402 0.0019465779 0.006073684 0.021159983 0.7152699 0.6813012 1.866339 0.5983796     0.6377179     0.07417296
41: 0.007289724 0.006253690 0.007680101 0.008635042 0.000000000 0.0049764741 0.0039544819         0.006453717 0.0024492048 0.007451610 0.020755684 0.9147367 2.5263241 1.618572 0.8894110     0.1108948     0.01132000
42: 0.044191141 0.042865342 0.038364940 0.042247064 0.051935868 0.0306081259 0.0230832400         0.029719226 0.0163404437 0.034784442 0.055007439 0.5830652 2.1794055 1.794159 0.9081090     2.6819877     0.05675605
43: 0.005390204 0.017617852 0.004083220 0.009140559 0.050477479 0.0000000000 0.0021133705         0.003298555 0.0011696516 0.004134291 0.059005096 0.9492757 0.1066192 1.857013 0.4467145     3.2602891     0.22845714
44: 0.033279465 0.023853197 0.032759804 0.031540240 0.030078332 0.0184157840 0.0172118071         0.026573365 0.0136382958 0.037291179 0.024822831 0.5982504 2.5400580 1.418756 1.0386669     1.3834296     0.03410285
45: 0.009250149 0.061303634 0.008429490 0.012240069 0.033987843 0.0143149625 0.0038866267         0.005994622 0.0028644379 0.008840600 0.037891072 0.9050958 0.6635094 1.768397 0.6886800     2.2526908     0.14995797
46: 0.008898393 0.007599003 0.009372012 0.010051225 0.006878996 0.0029922559 0.0043100898         0.007763363 0.0028702596 0.009289954 0.017157041 1.0117548 1.1153231 1.524045 0.9324248     0.5308234     0.04382772
47: 0.023250051 0.035830391 0.022679557 0.026696599 0.060579377 0.0319416702 0.0119849944         0.018093858 0.0085579759 0.025283157 0.060642697 0.9329158 0.8357738 1.715307 0.8495298     3.2110906     0.09606791
    Diesel_Chen             sample run_name               UniqueID
 1:   18.854957 Group001Sample0001   cabral      C17_L_D_3_30_0700
 2:   15.422662 Group001Sample0002   cabral      C09_H_D_3_30_1300
 3:   20.938215 Group001Sample0003   cabral      C20_L_D_3_30_0700
 4:   24.375879 Group001Sample0004   cabral      C02_L_D_3_30_0700
 5:   12.926282 Group001Sample0005   cabral      C10_H_D_3_30_1300
 6:   10.889877 Group001Sample0006   cabral      C18_H_D_3_30_1300
 7:   12.705263 Group001Sample0007   cabral      C11_H_D_3_30_1300
 8:   21.282504 Group002Sample0001   cabral      C03_L_D_3_30_0700
 9:   25.219598 Group002Sample0002   cabral      C04_L_D_3_30_0700
10:   18.260324 Group002Sample0003   cabral      C_SeepD_3_30_1300
11:   24.603271 Group002Sample0004   cabral      C_SeepB_3_30_0700
12:   13.378741 Group002Sample0005   cabral      C17_H_D_3_30_1300
13:   15.625722 Group002Sample0006   cabral       CPit_F_3_30_0700
14:   11.608156 Group002Sample0007   cabral      C12_H_D_3_30_1300
15:    8.628673 Group003Sample0001   cabral      C16_H_N_3_31_0100
16:   12.793261 Group003Sample0002   cabral      C05_H_D_3_30_1300
17:   17.984998 Group003Sample0003   cabral CPitBottom_B_3_30_1300
18:   18.309392 Group003Sample0004   cabral      C08_L_D_3_30_0700
19:   21.627964 Group003Sample0005   cabral      C14_L_D_3_30_0700
20:   20.892316 Group003Sample0006   cabral      C13_L_D_3_30_0700
21:    3.832496 Group003Sample0007   cabral CReefcrest_C_3_29_1300
22:   11.856006 Group004Sample0001   cabral       C19_HD_3_30_1300
23:   16.126087 Group004Sample0002   cabral      C04_H_D_3_30_1300
24:   14.998351 Group004Sample0003   cabral      C06_H_D_3_30_1300
25:   12.237242 Group004Sample0004   cabral       CPit_G_3_30_1300
26:   13.058678 Group004Sample0005   cabral       CPit_E_3_29_1900
27:   18.379695 Group004Sample0006   cabral      C01_L_D_3_30_0700
28:   12.006137 Group004Sample0007   cabral      C16_H_D_3_30_1300
29:   10.827578 Group005Sample0001   cabral      C14_H_D_3_30_1300
30:   13.085862 Group005Sample0002   cabral      C06_L_D_3_30_0700
31:    5.533161 Group005Sample0003   cabral       CPit_D_3_30_0100
32:   11.006557 Group005Sample0004   cabral      C_SeepC_3_30_1000
33:    5.072310 Group005Sample0005   cabral       CPit_C_3_29_1300
34:   17.012065 Group005Sample0006   cabral      C18_L_D_3_30_0700
35:   19.187675 Group005Sample0007   cabral      C12_L_D_3_30_0700
36:   10.634094 Group006Sample0001   cabral      C08_H_D_3_30_1300
37:    2.560472 Group006Sample0002   cabral CPitBottom_A_3_29_1500
38:   16.333257 Group006Sample0003   cabral      C10_L_D_3_30_0700
39:    2.198575 Group006Sample0004   cabral CReefcrest_E_3_30_1300
40:    3.219739 Group006Sample0005   cabral Creefcrest_H_3_31_0700
41:    2.340675 Group006Sample0006   cabral       CPit_J_3_31_0700
42:   11.216308 Group006Sample0007   cabral  CSpringRoad_3_30_1600
43:   11.085571 Group007Sample0001   cabral CReefcrest_D_3_30_0100
44:    9.324833 Group007Sample0002   cabral CSpringBeach_3_30_1800
45:    7.479661 Group007Sample0003   cabral CReefcrest_F_3_30_1900
46:    3.583257 Group007Sample0004   cabral CPitBottom_D_3_31_0700
47:   11.638805 Group007Sample0005   cabral      C01_H_N_3_31_0100
 [ reached getOption("max.print") -- omitted 50 rows ]
