Reading data files in directory: data/projects/Around_The_Island_fDOM/around_the_island/run6/
Reading in sample key
 [1] "Reading data files in directory: data/projects/Around_The_Island_fDOM/around_the_island/run6/"
 [2] "Reading in sample key"                                                                        
 [3] "Blanks detected in sample key = 6"                                                            
 [4] "Total N samples = 36"                                                                         
 [5] "Total N groups = 6"                                                                           
 [6] "Total N blanks  = 6"                                                                          
 [7] "N samples in each group = 7"                                                                  
 [8] "N samples in last group = 1"                                                                  
 [9] "Absorbance files detected, including absorbance data and IFE correction"                      
[10] "writing out sample_sheet as: aroundtheisland_run6_sample_sheet.csv"                           
[11] "extracting EEM data from files"                                                               
[12] "[1] \"Good. All SEM files exist.\""                                                           
[13] "Absorbance (ABS) files detected, reading absorbance data"                                     
[14] "calculating Raman Areas"                                                                      
[15] "performing Inner Filter Correction"                                                           
[16] "performing Raman scaling"                                                                     
[17] "performing Rayleigh scatter subtraction"                                                      
[18] "writing out cleaned EEM files to directory processed_data > processed_matrices"               
[19] "calculating indices"                                                                          
[20] "index calculated:  CobleA"                                                                    
[21] "index calculated:  CobleB"                                                                    
[22] "index calculated:  CobleC"                                                                    
[23] "index calculated:  CobleM"                                                                    
[24] "index calculated:  CobleT"                                                                    
[25] "index calculated:  Fpeak"                                                                     
[26] "index calculated:  Stedmon_D"                                                                 
[27] "index calculated:  Optical_Brighteners"                                                       
[28] "index calculated:  dieselBandII"                                                              
[29] "index calculated:  Petroleum"                                                                 
[30] "index calculated:  Lignin"                                                                    
[31] "index calculated:  BIX"                                                                       
[32] "index calculated:  HIX"                                                                       
[33] "index calculated:  FI"                                                                        
[34] "index calculated:  M_to_C"                                                                    
[35] "index calculated:  JP5_empirical"                                                             
[36] "index calculated:  JP5_normalized"                                                            
[37] "index calculated:  Diesel_Chen"                                                               
[38] "writing out indices to processed_data > fDOM_indices_out.csv"                                 
[39] "DONE: indices written out to aroundtheisland_run6_fDOM_indices_out.csv"                       
 [1] "Reading data files in directory: data/projects/Around_The_Island_fDOM/around_the_island/run7/"
 [2] "Reading in sample key"                                                                        
 [3] "Blanks detected in sample key = 5"                                                            
 [4] "Total N samples = 29"                                                                         
 [5] "Total N groups = 5"                                                                           
 [6] "Total N blanks  = 5"                                                                          
 [7] "N samples in each group = 7"                                                                  
 [8] "N samples in last group = 1"                                                                  
 [9] "Absorbance files detected, including absorbance data and IFE correction"                      
[10] "writing out sample_sheet as: aroundtheisland_run7_sample_sheet.csv"                           
[11] "extracting EEM data from files"                                                               
[12] "[1] \"Good. All SEM files exist.\""                                                           
[13] "Absorbance (ABS) files detected, reading absorbance data"                                     
[14] "calculating Raman Areas"                                                                      
[15] "performing Inner Filter Correction"                                                           
[16] "performing Raman scaling"                                                                     
[17] "performing Rayleigh scatter subtraction"                                                      
[18] "writing out cleaned EEM files to directory processed_data > processed_matrices"               
[19] "calculating indices"                                                                          
[20] "index calculated:  CobleA"                                                                    
[21] "index calculated:  CobleB"                                                                    
[22] "index calculated:  CobleC"                                                                    
[23] "index calculated:  CobleM"                                                                    
[24] "index calculated:  CobleT"                                                                    
[25] "index calculated:  Fpeak"                                                                     
[26] "index calculated:  Stedmon_D"                                                                 
[27] "index calculated:  Optical_Brighteners"                                                       
[28] "index calculated:  dieselBandII"                                                              
[29] "index calculated:  Petroleum"                                                                 
[30] "index calculated:  Lignin"                                                                    
[31] "index calculated:  BIX"                                                                       
[32] "index calculated:  HIX"                                                                       
[33] "index calculated:  FI"                                                                        
[34] "index calculated:  M_to_C"                                                                    
[35] "index calculated:  JP5_empirical"                                                             
[36] "index calculated:  JP5_normalized"                                                            
[37] "index calculated:  Diesel_Chen"                                                               
[38] "writing out indices to processed_data > fDOM_indices_out.csv"                                 
[39] "DONE: indices written out to aroundtheisland_run7_fDOM_indices_out.csv"                       
 [1] "Reading data files in directory: data/projects/Around_The_Island_fDOM/around_the_island/run8/"
 [2] "Reading in sample key"                                                                        
 [3] "Blanks detected in sample key = 4"                                                            
 [4] "Total N samples = 22"                                                                         
 [5] "Total N groups = 4"                                                                           
 [6] "Total N blanks  = 4"                                                                          
 [7] "N samples in each group = 7"                                                                  
 [8] "N samples in last group = 1"                                                                  
 [9] "Absorbance files detected, including absorbance data and IFE correction"                      
[10] "writing out sample_sheet as: aroundtheisland_run8_sample_sheet.csv"                           
[11] "extracting EEM data from files"                                                               
[12] "[1] \"Good. All SEM files exist.\""                                                           
[13] "Absorbance (ABS) files detected, reading absorbance data"                                     
[14] "calculating Raman Areas"                                                                      
[15] "performing Inner Filter Correction"                                                           
[16] "performing Raman scaling"                                                                     
[17] "performing Rayleigh scatter subtraction"                                                      
[18] "writing out cleaned EEM files to directory processed_data > processed_matrices"               
[19] "calculating indices"                                                                          
[20] "index calculated:  CobleA"                                                                    
[21] "index calculated:  CobleB"                                                                    
[22] "index calculated:  CobleC"                                                                    
[23] "index calculated:  CobleM"                                                                    
[24] "index calculated:  CobleT"                                                                    
[25] "index calculated:  Fpeak"                                                                     
[26] "index calculated:  Stedmon_D"                                                                 
[27] "index calculated:  Optical_Brighteners"                                                       
[28] "index calculated:  dieselBandII"                                                              
[29] "index calculated:  Petroleum"                                                                 
[30] "index calculated:  Lignin"                                                                    
[31] "index calculated:  BIX"                                                                       
[32] "index calculated:  HIX"                                                                       
[33] "index calculated:  FI"                                                                        
[34] "index calculated:  M_to_C"                                                                    
[35] "index calculated:  JP5_empirical"                                                             
[36] "index calculated:  JP5_normalized"                                                            
[37] "index calculated:  Diesel_Chen"                                                               
[38] "writing out indices to processed_data > fDOM_indices_out.csv"                                 
[39] "DONE: indices written out to aroundtheisland_run8_fDOM_indices_out.csv"                       
[1] "Aqualog Parameters"
Slitwidth
5
ExStart
240
ExEnd
500
ExStep
5
EmStart
248
EmEnd
824.6
EmStep
4.65
 [1] "Reading data files in directory: data/projects/RRCoral_fDOM/Run1/"             
 [2] "Reading in sample key"                                                         
 [3] "Blanks detected in sample key = 4"                                             
 [4] "Total N samples = 28"                                                          
 [5] "Total N groups = 4"                                                            
 [6] "Total N blanks  = 4"                                                           
 [7] "N samples in each group = 7"                                                   
 [8] "N samples in last group = 7"                                                   
 [9] "Absorbance files detected, including absorbance data and IFE correction"       
[10] "writing out sample_sheet as: RRCoral_1_sample_sheet.csv"                       
[11] "extracting EEM data from files"                                                
[12] "[1] \"Good. All SEM files exist.\""                                            
[13] "Absorbance (ABS) files detected, reading absorbance data"                      
[14] "calculating Raman Areas"                                                       
[15] "performing Inner Filter Correction"                                            
[16] "performing Raman scaling"                                                      
[17] "performing Rayleigh scatter subtraction"                                       
[18] "writing out cleaned EEM files to directory processed_data > processed_matrices"
[19] "calculating indices"                                                           
[20] "index calculated:  CobleA"                                                     
[21] "index calculated:  CobleB"                                                     
[22] "index calculated:  CobleC"                                                     
[23] "index calculated:  CobleM"                                                     
[24] "index calculated:  CobleT"                                                     
[25] "index calculated:  Fpeak"                                                      
[26] "index calculated:  Stedmon_D"                                                  
[27] "index calculated:  Optical_Brighteners"                                        
[28] "index calculated:  dieselBandII"                                               
[29] "index calculated:  Petroleum"                                                  
[30] "index calculated:  Lignin"                                                     
[31] "index calculated:  BIX"                                                        
[32] "index calculated:  HIX"                                                        
[33] "index calculated:  FI"                                                         
[34] "index calculated:  M_to_C"                                                     
[35] "index calculated:  JP5_empirical"                                              
[36] "index calculated:  JP5_normalized"                                             
[37] "index calculated:  Diesel_Chen"                                                
[38] "writing out indices to processed_data > fDOM_indices_out.csv"                  
[39] "DONE: indices written out to RRCoral_1_fDOM_indices_out.csv"                   
 [1] "Reading data files in directory: data/projects/RRCoral_fDOM/Run2/"             
 [2] "Reading in sample key"                                                         
 [3] "Blanks detected in sample key = 5"                                             
 [4] "Total N samples = 35"                                                          
 [5] "Total N groups = 5"                                                            
 [6] "Total N blanks  = 5"                                                           
 [7] "N samples in each group = 7"                                                   
 [8] "N samples in last group = 7"                                                   
 [9] "Absorbance files detected, including absorbance data and IFE correction"       
[10] "writing out sample_sheet as: RRCoral_2_sample_sheet.csv"                       
[11] "extracting EEM data from files"                                                
[12] "[1] \"Good. All SEM files exist.\""                                            
[13] "Absorbance (ABS) files detected, reading absorbance data"                      
[14] "calculating Raman Areas"                                                       
[15] "performing Inner Filter Correction"                                            
[16] "performing Raman scaling"                                                      
[17] "performing Rayleigh scatter subtraction"                                       
[18] "writing out cleaned EEM files to directory processed_data > processed_matrices"
[19] "calculating indices"                                                           
[20] "index calculated:  CobleA"                                                     
[21] "index calculated:  CobleB"                                                     
[22] "index calculated:  CobleC"                                                     
[23] "index calculated:  CobleM"                                                     
[24] "index calculated:  CobleT"                                                     
[25] "index calculated:  Fpeak"                                                      
[26] "index calculated:  Stedmon_D"                                                  
[27] "index calculated:  Optical_Brighteners"                                        
[28] "index calculated:  dieselBandII"                                               
[29] "index calculated:  Petroleum"                                                  
[30] "index calculated:  Lignin"                                                     
[31] "index calculated:  BIX"                                                        
[32] "index calculated:  HIX"                                                        
[33] "index calculated:  FI"                                                         
[34] "index calculated:  M_to_C"                                                     
[35] "index calculated:  JP5_empirical"                                              
[36] "index calculated:  JP5_normalized"                                             
[37] "index calculated:  Diesel_Chen"                                                
[38] "writing out indices to processed_data > fDOM_indices_out.csv"                  
[39] "DONE: indices written out to RRCoral_2_fDOM_indices_out.csv"                   
 [1] "Reading data files in directory: data/projects/Spiffy_fDOM/spiffy/"            
 [2] "Reading in sample key"                                                         
 [3] "Blanks detected in sample key = 3"                                             
 [4] "Total N samples = 19"                                                          
 [5] "Total N groups = 3"                                                            
 [6] "Total N blanks  = 3"                                                           
 [7] "N samples in each group = 7"                                                   
 [8] "N samples in last group = 5"                                                   
 [9] "Absorbance files detected, including absorbance data and IFE correction"       
[10] "writing out sample_sheet as: spiffy_sample_sheet.csv"                          
[11] "extracting EEM data from files"                                                
[12] "[1] \"Good. All SEM files exist.\""                                            
[13] "Absorbance (ABS) files detected, reading absorbance data"                      
[14] "calculating Raman Areas"                                                       
[15] "performing Inner Filter Correction"                                            
[16] "performing Raman scaling"                                                      
[17] "performing Rayleigh scatter subtraction"                                       
[18] "writing out cleaned EEM files to directory processed_data > processed_matrices"
[19] "calculating indices"                                                           
[20] "index calculated:  CobleA"                                                     
[21] "index calculated:  CobleB"                                                     
[22] "index calculated:  CobleC"                                                     
[23] "index calculated:  CobleM"                                                     
[24] "index calculated:  CobleT"                                                     
[25] "index calculated:  Fpeak"                                                      
[26] "index calculated:  Stedmon_D"                                                  
[27] "index calculated:  Optical_Brighteners"                                        
[28] "index calculated:  dieselBandII"                                               
[29] "index calculated:  Petroleum"                                                  
[30] "index calculated:  Lignin"                                                     
[31] "index calculated:  BIX"                                                        
[32] "index calculated:  HIX"                                                        
[33] "index calculated:  FI"                                                         
[34] "index calculated:  M_to_C"                                                     
[35] "index calculated:  JP5_empirical"                                              
[36] "index calculated:  JP5_normalized"                                             
[37] "index calculated:  Diesel_Chen"                                                
[38] "writing out indices to processed_data > fDOM_indices_out.csv"                  
[39] "DONE: indices written out to spiffy_fDOM_indices_out.csv"                      
 [1] "Reading data files in directory: data/projects/Spiffy_Lang_fDOM/spiffy_lang/"  
 [2] "Reading in sample key"                                                         
 [3] "Blanks detected in sample key = 6"                                             
 [4] "Total N samples = 42"                                                          
 [5] "Total N groups = 6"                                                            
 [6] "Total N blanks  = 6"                                                           
 [7] "N samples in each group = 7"                                                   
 [8] "N samples in last group = 7"                                                   
 [9] "Absorbance files detected, including absorbance data and IFE correction"       
[10] "writing out sample_sheet as: spiffy_lang_sample_sheet.csv"                     
[11] "extracting EEM data from files"                                                
[12] "[1] \"Good. All SEM files exist.\""                                            
[13] "Absorbance (ABS) files detected, reading absorbance data"                      
[14] "calculating Raman Areas"                                                       
[15] "performing Inner Filter Correction"                                            
[16] "performing Raman scaling"                                                      
[17] "performing Rayleigh scatter subtraction"                                       
[18] "writing out cleaned EEM files to directory processed_data > processed_matrices"
[19] "calculating indices"                                                           
[20] "index calculated:  CobleA"                                                     
[21] "index calculated:  CobleB"                                                     
[22] "index calculated:  CobleC"                                                     
[23] "index calculated:  CobleM"                                                     
[24] "index calculated:  CobleT"                                                     
[25] "index calculated:  Fpeak"                                                      
[26] "index calculated:  Stedmon_D"                                                  
[27] "index calculated:  Optical_Brighteners"                                        
[28] "index calculated:  dieselBandII"                                               
[29] "index calculated:  Petroleum"                                                  
[30] "index calculated:  Lignin"                                                     
[31] "index calculated:  BIX"                                                        
[32] "index calculated:  HIX"                                                        
[33] "index calculated:  FI"                                                         
[34] "index calculated:  M_to_C"                                                     
[35] "index calculated:  JP5_empirical"                                              
[36] "index calculated:  JP5_normalized"                                             
[37] "index calculated:  Diesel_Chen"                                                
[38] "writing out indices to processed_data > fDOM_indices_out.csv"                  
[39] "DONE: indices written out to spiffy_lang_fDOM_indices_out.csv"                 
 [1] "Reading data files in directory: data/projects/Diel/run1/diel/"                
 [2] "Reading in sample key"                                                         
 [3] "Blanks detected in sample key = 5"                                             
 [4] "Total N samples = 35"                                                          
 [5] "Total N groups = 5"                                                            
 [6] "Total N blanks  = 5"                                                           
 [7] "N samples in each group = 7"                                                   
 [8] "N samples in last group = 7"                                                   
 [9] "Absorbance files detected, including absorbance data and IFE correction"       
[10] "writing out sample_sheet as: diel_run1_sample_sheet.csv"                       
[11] "extracting EEM data from files"                                                
[12] "[1] \"Good. All SEM files exist.\""                                            
[13] "Absorbance (ABS) files detected, reading absorbance data"                      
[14] "calculating Raman Areas"                                                       
[15] "performing Inner Filter Correction"                                            
[16] "performing Raman scaling"                                                      
[17] "performing Rayleigh scatter subtraction"                                       
[18] "writing out cleaned EEM files to directory processed_data > processed_matrices"
[19] "calculating indices"                                                           
[20] "index calculated:  CobleA"                                                     
[21] "index calculated:  CobleB"                                                     
[22] "index calculated:  CobleC"                                                     
[23] "index calculated:  CobleM"                                                     
[24] "index calculated:  CobleT"                                                     
[25] "index calculated:  Fpeak"                                                      
[26] "index calculated:  Stedmon_D"                                                  
[27] "index calculated:  Optical_Brighteners"                                        
[28] "index calculated:  dieselBandII"                                               
[29] "index calculated:  Petroleum"                                                  
[30] "index calculated:  Lignin"                                                     
[31] "index calculated:  BIX"                                                        
[32] "index calculated:  HIX"                                                        
[33] "index calculated:  FI"                                                         
[34] "index calculated:  M_to_C"                                                     
[35] "index calculated:  JP5_empirical"                                              
[36] "index calculated:  JP5_normalized"                                             
[37] "index calculated:  Diesel_Chen"                                                
[38] "writing out indices to processed_data > fDOM_indices_out.csv"                  
[39] "DONE: indices written out to diel_run1_fDOM_indices_out.csv"                   
 [1] "Reading data files in directory: data/projects/Diel/run2/"                     
 [2] "Reading in sample key"                                                         
 [3] "Blanks detected in sample key = 6"                                             
 [4] "Total N samples = 40"                                                          
 [5] "Total N groups = 6"                                                            
 [6] "Total N blanks  = 6"                                                           
 [7] "N samples in each group = 7"                                                   
 [8] "N samples in last group = 5"                                                   
 [9] "Absorbance files detected, including absorbance data and IFE correction"       
[10] "writing out sample_sheet as: diel_run2_sample_sheet.csv"                       
[11] "extracting EEM data from files"                                                
[12] "[1] \"Good. All SEM files exist.\""                                            
[13] "Absorbance (ABS) files detected, reading absorbance data"                      
[14] "calculating Raman Areas"                                                       
[15] "performing Inner Filter Correction"                                            
[16] "performing Raman scaling"                                                      
[17] "performing Rayleigh scatter subtraction"                                       
[18] "writing out cleaned EEM files to directory processed_data > processed_matrices"
[19] "calculating indices"                                                           
[20] "index calculated:  CobleA"                                                     
[21] "index calculated:  CobleB"                                                     
[22] "index calculated:  CobleC"                                                     
[23] "index calculated:  CobleM"                                                     
[24] "index calculated:  CobleT"                                                     
[25] "index calculated:  Fpeak"                                                      
[26] "index calculated:  Stedmon_D"                                                  
[27] "index calculated:  Optical_Brighteners"                                        
[28] "index calculated:  dieselBandII"                                               
[29] "index calculated:  Petroleum"                                                  
[30] "index calculated:  Lignin"                                                     
[31] "index calculated:  BIX"                                                        
[32] "index calculated:  HIX"                                                        
[33] "index calculated:  FI"                                                         
[34] "index calculated:  M_to_C"                                                     
[35] "index calculated:  JP5_empirical"                                              
[36] "index calculated:  JP5_normalized"                                             
[37] "index calculated:  Diesel_Chen"                                                
[38] "writing out indices to processed_data > fDOM_indices_out.csv"                  
[39] "DONE: indices written out to diel_run2_fDOM_indices_out.csv"                   
 [1] "Reading data files in directory: data/projects/Around_The_Island_fDOM/around_the_island/run1/"
 [2] "Reading in sample key"                                                                        
 [3] "Blanks detected in sample key = 3"                                                            
 [4] "Total N samples = 15"                                                                         
 [5] "Total N groups = 3"                                                                           
 [6] "Total N blanks  = 3"                                                                          
 [7] "N samples in each group = 7"                                                                  
 [8] "N samples in last group = 1"                                                                  
 [9] "Absorbance files detected, including absorbance data and IFE correction"                      
[10] "writing out sample_sheet as: aroundtheisland_run1_sample_sheet.csv"                           
[11] "extracting EEM data from files"                                                               
[12] "[1] \"Good. All SEM files exist.\""                                                           
[13] "Absorbance (ABS) files detected, reading absorbance data"                                     
[14] "calculating Raman Areas"                                                                      
[15] "performing Inner Filter Correction"                                                           
[16] "performing Raman scaling"                                                                     
[17] "performing Rayleigh scatter subtraction"                                                      
[18] "writing out cleaned EEM files to directory processed_data > processed_matrices"               
[19] "calculating indices"                                                                          
[20] "index calculated:  CobleA"                                                                    
[21] "index calculated:  CobleB"                                                                    
[22] "index calculated:  CobleC"                                                                    
[23] "index calculated:  CobleM"                                                                    
[24] "index calculated:  CobleT"                                                                    
[25] "index calculated:  Fpeak"                                                                     
[26] "index calculated:  Stedmon_D"                                                                 
[27] "index calculated:  Optical_Brighteners"                                                       
[28] "index calculated:  dieselBandII"                                                              
[29] "index calculated:  Petroleum"                                                                 
[30] "index calculated:  Lignin"                                                                    
[31] "index calculated:  BIX"                                                                       
[32] "index calculated:  HIX"                                                                       
[33] "index calculated:  FI"                                                                        
[34] "index calculated:  M_to_C"                                                                    
[35] "index calculated:  JP5_empirical"                                                             
[36] "index calculated:  JP5_normalized"                                                            
[37] "index calculated:  Diesel_Chen"                                                               
[38] "writing out indices to processed_data > fDOM_indices_out.csv"                                 
[39] "DONE: indices written out to aroundtheisland_run1_fDOM_indices_out.csv"                       
 [1] "Reading data files in directory: data/projects/Around_The_Island_fDOM/around_the_island/run2/"
 [2] "Reading in sample key"                                                                        
 [3] "Blanks detected in sample key = 4"                                                            
 [4] "Total N samples = 22"                                                                         
 [5] "Total N groups = 4"                                                                           
 [6] "Total N blanks  = 4"                                                                          
 [7] "N samples in each group = 7"                                                                  
 [8] "N samples in last group = 1"                                                                  
 [9] "Absorbance files detected, including absorbance data and IFE correction"                      
[10] "writing out sample_sheet as: aroundtheisland_run2_sample_sheet.csv"                           
[11] "extracting EEM data from files"                                                               
[12] "[1] \"Good. All SEM files exist.\""                                                           
[13] "Absorbance (ABS) files detected, reading absorbance data"                                     
[14] "calculating Raman Areas"                                                                      
[15] "performing Inner Filter Correction"                                                           
[16] "performing Raman scaling"                                                                     
[17] "performing Rayleigh scatter subtraction"                                                      
[18] "writing out cleaned EEM files to directory processed_data > processed_matrices"               
[19] "calculating indices"                                                                          
[20] "index calculated:  CobleA"                                                                    
[21] "index calculated:  CobleB"                                                                    
[22] "index calculated:  CobleC"                                                                    
[23] "index calculated:  CobleM"                                                                    
[24] "index calculated:  CobleT"                                                                    
[25] "index calculated:  Fpeak"                                                                     
[26] "index calculated:  Stedmon_D"                                                                 
[27] "index calculated:  Optical_Brighteners"                                                       
[28] "index calculated:  dieselBandII"                                                              
[29] "index calculated:  Petroleum"                                                                 
[30] "index calculated:  Lignin"                                                                    
[31] "index calculated:  BIX"                                                                       
[32] "index calculated:  HIX"                                                                       
[33] "index calculated:  FI"                                                                        
[34] "index calculated:  M_to_C"                                                                    
[35] "index calculated:  JP5_empirical"                                                             
[36] "index calculated:  JP5_normalized"                                                            
[37] "index calculated:  Diesel_Chen"                                                               
[38] "writing out indices to processed_data > fDOM_indices_out.csv"                                 
[39] "DONE: indices written out to aroundtheisland_run2_fDOM_indices_out.csv"                       
 [1] "Reading data files in directory: data/projects/Around_The_Island_fDOM/around_the_island/run3/"
 [2] "Reading in sample key"                                                                        
 [3] "Blanks detected in sample key = 7"                                                            
 [4] "Total N samples = 43"                                                                         
 [5] "Total N groups = 7"                                                                           
 [6] "Total N blanks  = 7"                                                                          
 [7] "N samples in each group = 7"                                                                  
 [8] "N samples in last group = 1"                                                                  
 [9] "Absorbance files detected, including absorbance data and IFE correction"                      
[10] "writing out sample_sheet as: aroundtheisland_run3_sample_sheet.csv"                           
[11] "extracting EEM data from files"                                                               
[12] "[1] \"Good. All SEM files exist.\""                                                           
[13] "Absorbance (ABS) files detected, reading absorbance data"                                     
[14] "calculating Raman Areas"                                                                      
[15] "performing Inner Filter Correction"                                                           
[16] "performing Raman scaling"                                                                     
[17] "performing Rayleigh scatter subtraction"                                                      
[18] "writing out cleaned EEM files to directory processed_data > processed_matrices"               
[19] "calculating indices"                                                                          
[20] "index calculated:  CobleA"                                                                    
[21] "index calculated:  CobleB"                                                                    
[22] "index calculated:  CobleC"                                                                    
[23] "index calculated:  CobleM"                                                                    
[24] "index calculated:  CobleT"                                                                    
[25] "index calculated:  Fpeak"                                                                     
[26] "index calculated:  Stedmon_D"                                                                 
[27] "index calculated:  Optical_Brighteners"                                                       
[28] "index calculated:  dieselBandII"                                                              
[29] "index calculated:  Petroleum"                                                                 
[30] "index calculated:  Lignin"                                                                    
[31] "index calculated:  BIX"                                                                       
[32] "index calculated:  HIX"                                                                       
[33] "index calculated:  FI"                                                                        
[34] "index calculated:  M_to_C"                                                                    
[35] "index calculated:  JP5_empirical"                                                             
[36] "index calculated:  JP5_normalized"                                                            
[37] "index calculated:  Diesel_Chen"                                                               
[38] "writing out indices to processed_data > fDOM_indices_out.csv"                                 
[39] "DONE: indices written out to aroundtheisland_run3_fDOM_indices_out.csv"                       
 [1] "Reading data files in directory: data/projects/Around_The_Island_fDOM/around_the_island/run4/"
 [2] "Reading in sample key"                                                                        
 [3] "Blanks detected in sample key = 4"                                                            
 [4] "Total N samples = 22"                                                                         
 [5] "Total N groups = 4"                                                                           
 [6] "Total N blanks  = 4"                                                                          
 [7] "N samples in each group = 7"                                                                  
 [8] "N samples in last group = 1"                                                                  
 [9] "Absorbance files detected, including absorbance data and IFE correction"                      
[10] "writing out sample_sheet as: aroundtheisland_run4_sample_sheet.csv"                           
[11] "extracting EEM data from files"                                                               
[12] "[1] \"Good. All SEM files exist.\""                                                           
[13] "Absorbance (ABS) files detected, reading absorbance data"                                     
[14] "calculating Raman Areas"                                                                      
[15] "performing Inner Filter Correction"                                                           
[16] "performing Raman scaling"                                                                     
[17] "performing Rayleigh scatter subtraction"                                                      
[18] "writing out cleaned EEM files to directory processed_data > processed_matrices"               
[19] "calculating indices"                                                                          
[20] "index calculated:  CobleA"                                                                    
[21] "index calculated:  CobleB"                                                                    
[22] "index calculated:  CobleC"                                                                    
[23] "index calculated:  CobleM"                                                                    
[24] "index calculated:  CobleT"                                                                    
[25] "index calculated:  Fpeak"                                                                     
[26] "index calculated:  Stedmon_D"                                                                 
[27] "index calculated:  Optical_Brighteners"                                                       
[28] "index calculated:  dieselBandII"                                                              
[29] "index calculated:  Petroleum"                                                                 
[30] "index calculated:  Lignin"                                                                    
[31] "index calculated:  BIX"                                                                       
[32] "index calculated:  HIX"                                                                       
[33] "index calculated:  FI"                                                                        
[34] "index calculated:  M_to_C"                                                                    
[35] "index calculated:  JP5_empirical"                                                             
[36] "index calculated:  JP5_normalized"                                                            
[37] "index calculated:  Diesel_Chen"                                                               
[38] "writing out indices to processed_data > fDOM_indices_out.csv"                                 
[39] "DONE: indices written out to aroundtheisland_run4_fDOM_indices_out.csv"                       
 [1] "Reading data files in directory: data/projects/Around_The_Island_fDOM/around_the_island/run5/"
 [2] "Reading in sample key"                                                                        
 [3] "Blanks detected in sample key = 6"                                                            
 [4] "Total N samples = 38"                                                                         
 [5] "Total N groups = 6"                                                                           
 [6] "Total N blanks  = 6"                                                                          
 [7] "N samples in each group = 7"                                                                  
 [8] "N samples in last group = 3"                                                                  
 [9] "Absorbance files detected, including absorbance data and IFE correction"                      
[10] "writing out sample_sheet as: aroundtheisland_run5_sample_sheet.csv"                           
[11] "extracting EEM data from files"                                                               
[12] "[1] \"Good. All SEM files exist.\""                                                           
[13] "Absorbance (ABS) files detected, reading absorbance data"                                     
[14] "calculating Raman Areas"                                                                      
[15] "performing Inner Filter Correction"                                                           
[16] "performing Raman scaling"                                                                     
[17] "performing Rayleigh scatter subtraction"                                                      
[18] "writing out cleaned EEM files to directory processed_data > processed_matrices"               
[19] "calculating indices"                                                                          
[20] "index calculated:  CobleA"                                                                    
[21] "index calculated:  CobleB"                                                                    
[22] "index calculated:  CobleC"                                                                    
[23] "index calculated:  CobleM"                                                                    
[24] "index calculated:  CobleT"                                                                    
[25] "index calculated:  Fpeak"                                                                     
[26] "index calculated:  Stedmon_D"                                                                 
[27] "index calculated:  Optical_Brighteners"                                                       
[28] "index calculated:  dieselBandII"                                                              
[29] "index calculated:  Petroleum"                                                                 
[30] "index calculated:  Lignin"                                                                    
[31] "index calculated:  BIX"                                                                       
[32] "index calculated:  HIX"                                                                       
[33] "index calculated:  FI"                                                                        
[34] "index calculated:  M_to_C"                                                                    
[35] "index calculated:  JP5_empirical"                                                             
[36] "index calculated:  JP5_normalized"                                                            
[37] "index calculated:  Diesel_Chen"                                                               
[38] "writing out indices to processed_data > fDOM_indices_out.csv"                                 
[39] "DONE: indices written out to aroundtheisland_run5_fDOM_indices_out.csv"                       
 [1] "Reading data files in directory: data/projects/Around_The_Island_fDOM/around_the_island/run6/"
 [2] "Reading in sample key"                                                                        
 [3] "Blanks detected in sample key = 6"                                                            
 [4] "Total N samples = 36"                                                                         
 [5] "Total N groups = 6"                                                                           
 [6] "Total N blanks  = 6"                                                                          
 [7] "N samples in each group = 7"                                                                  
 [8] "N samples in last group = 1"                                                                  
 [9] "Absorbance files detected, including absorbance data and IFE correction"                      
[10] "writing out sample_sheet as: aroundtheisland_run6_sample_sheet.csv"                           
[11] "extracting EEM data from files"                                                               
[12] "[1] \"Good. All SEM files exist.\""                                                           
[13] "Absorbance (ABS) files detected, reading absorbance data"                                     
[14] "calculating Raman Areas"                                                                      
[15] "performing Inner Filter Correction"                                                           
[16] "performing Raman scaling"                                                                     
[17] "performing Rayleigh scatter subtraction"                                                      
[18] "writing out cleaned EEM files to directory processed_data > processed_matrices"               
[19] "calculating indices"                                                                          
[20] "index calculated:  CobleA"                                                                    
[21] "index calculated:  CobleB"                                                                    
[22] "index calculated:  CobleC"                                                                    
[23] "index calculated:  CobleM"                                                                    
[24] "index calculated:  CobleT"                                                                    
[25] "index calculated:  Fpeak"                                                                     
[26] "index calculated:  Stedmon_D"                                                                 
[27] "index calculated:  Optical_Brighteners"                                                       
[28] "index calculated:  dieselBandII"                                                              
[29] "index calculated:  Petroleum"                                                                 
[30] "index calculated:  Lignin"                                                                    
[31] "index calculated:  BIX"                                                                       
[32] "index calculated:  HIX"                                                                       
[33] "index calculated:  FI"                                                                        
[34] "index calculated:  M_to_C"                                                                    
[35] "index calculated:  JP5_empirical"                                                             
[36] "index calculated:  JP5_normalized"                                                            
[37] "index calculated:  Diesel_Chen"                                                               
[38] "writing out indices to processed_data > fDOM_indices_out.csv"                                 
[39] "DONE: indices written out to aroundtheisland_run6_fDOM_indices_out.csv"                       
 [1] "Reading data files in directory: data/projects/Around_The_Island_fDOM/around_the_island/run7/"
 [2] "Reading in sample key"                                                                        
 [3] "Blanks detected in sample key = 5"                                                            
 [4] "Total N samples = 29"                                                                         
 [5] "Total N groups = 5"                                                                           
 [6] "Total N blanks  = 5"                                                                          
 [7] "N samples in each group = 7"                                                                  
 [8] "N samples in last group = 1"                                                                  
 [9] "Absorbance files detected, including absorbance data and IFE correction"                      
[10] "writing out sample_sheet as: aroundtheisland_run7_sample_sheet.csv"                           
[11] "extracting EEM data from files"                                                               
[12] "[1] \"Good. All SEM files exist.\""                                                           
[13] "Absorbance (ABS) files detected, reading absorbance data"                                     
[14] "calculating Raman Areas"                                                                      
[15] "performing Inner Filter Correction"                                                           
[16] "performing Raman scaling"                                                                     
[17] "performing Rayleigh scatter subtraction"                                                      
[18] "writing out cleaned EEM files to directory processed_data > processed_matrices"               
[19] "calculating indices"                                                                          
[20] "index calculated:  CobleA"                                                                    
[21] "index calculated:  CobleB"                                                                    
[22] "index calculated:  CobleC"                                                                    
[23] "index calculated:  CobleM"                                                                    
[24] "index calculated:  CobleT"                                                                    
[25] "index calculated:  Fpeak"                                                                     
[26] "index calculated:  Stedmon_D"                                                                 
[27] "index calculated:  Optical_Brighteners"                                                       
[28] "index calculated:  dieselBandII"                                                              
[29] "index calculated:  Petroleum"                                                                 
[30] "index calculated:  Lignin"                                                                    
[31] "index calculated:  BIX"                                                                       
[32] "index calculated:  HIX"                                                                       
[33] "index calculated:  FI"                                                                        
[34] "index calculated:  M_to_C"                                                                    
[35] "index calculated:  JP5_empirical"                                                             
[36] "index calculated:  JP5_normalized"                                                            
[37] "index calculated:  Diesel_Chen"                                                               
[38] "writing out indices to processed_data > fDOM_indices_out.csv"                                 
[39] "DONE: indices written out to aroundtheisland_run7_fDOM_indices_out.csv"                       
 [1] "Reading data files in directory: data/projects/Around_The_Island_fDOM/around_the_island/run8/"
 [2] "Reading in sample key"                                                                        
 [3] "Blanks detected in sample key = 4"                                                            
 [4] "Total N samples = 22"                                                                         
 [5] "Total N groups = 4"                                                                           
 [6] "Total N blanks  = 4"                                                                          
 [7] "N samples in each group = 7"                                                                  
 [8] "N samples in last group = 1"                                                                  
 [9] "Absorbance files detected, including absorbance data and IFE correction"                      
[10] "writing out sample_sheet as: aroundtheisland_run8_sample_sheet.csv"                           
[11] "extracting EEM data from files"                                                               
[12] "[1] \"Good. All SEM files exist.\""                                                           
[13] "Absorbance (ABS) files detected, reading absorbance data"                                     
[14] "calculating Raman Areas"                                                                      
[15] "performing Inner Filter Correction"                                                           
[16] "performing Raman scaling"                                                                     
[17] "performing Rayleigh scatter subtraction"                                                      
[18] "writing out cleaned EEM files to directory processed_data > processed_matrices"               
[19] "calculating indices"                                                                          
[20] "index calculated:  CobleA"                                                                    
[21] "index calculated:  CobleB"                                                                    
[22] "index calculated:  CobleC"                                                                    
[23] "index calculated:  CobleM"                                                                    
[24] "index calculated:  CobleT"                                                                    
[25] "index calculated:  Fpeak"                                                                     
[26] "index calculated:  Stedmon_D"                                                                 
[27] "index calculated:  Optical_Brighteners"                                                       
[28] "index calculated:  dieselBandII"                                                              
[29] "index calculated:  Petroleum"                                                                 
[30] "index calculated:  Lignin"                                                                    
[31] "index calculated:  BIX"                                                                       
[32] "index calculated:  HIX"                                                                       
[33] "index calculated:  FI"                                                                        
[34] "index calculated:  M_to_C"                                                                    
[35] "index calculated:  JP5_empirical"                                                             
[36] "index calculated:  JP5_normalized"                                                            
[37] "index calculated:  Diesel_Chen"                                                               
[38] "writing out indices to processed_data > fDOM_indices_out.csv"                                 
[39] "DONE: indices written out to aroundtheisland_run8_fDOM_indices_out.csv"                       
[[1]]

[[2]]

[[3]]

[[4]]

[[5]]

[[6]]

[[7]]

[[8]]

[[9]]

[[10]]

[[11]]

[[12]]

[[13]]

[[14]]

[[15]]

[[16]]

[[17]]

[[18]]

[[19]]

[[20]]

[[21]]

[[22]]

[[23]]

[[24]]

[[25]]

[[26]]

[[27]]

[[28]]

[[1]]

[[2]]

[[3]]

[[4]]

[[5]]

[[6]]

[[7]]

[[8]]

[[9]]

[[10]]

[[11]]

[[12]]

[[13]]

[[14]]

[[15]]

[[16]]

[[17]]

[[18]]

[[19]]

[[20]]

[[21]]

[[22]]

[[23]]

[[24]]

[[25]]

[[26]]

[[27]]

[[28]]

[[29]]

[[30]]

[[31]]

[[32]]

[[33]]

[[34]]

[[35]]

[[1]]

[[2]]

[[3]]

[[4]]

[[5]]

[[6]]

[[7]]

[[8]]

[[9]]

[[10]]

[[11]]

[[12]]

[[13]]

[[14]]

[[15]]

[[16]]

[[17]]

[[18]]

[[19]]

[[1]]

[[2]]

[[3]]

[[4]]

[[5]]

[[6]]

[[7]]

[[8]]

[[9]]

[[10]]

[[11]]

[[12]]

[[13]]

[[14]]

[[15]]

[[16]]

[[17]]

[[18]]

[[19]]

[[20]]

[[21]]

[[22]]

[[23]]

[[24]]

[[25]]

[[26]]

[[27]]

[[28]]

[[29]]

[[30]]

[[31]]

[[32]]

[[33]]

[[34]]

[[35]]

[[36]]

[[37]]

[[38]]

[[39]]

[[40]]

[[41]]

[[42]]

[[1]]

[[2]]

[[3]]

[[4]]

[[5]]

[[6]]

[[7]]

[[8]]

[[9]]

[[10]]

[[11]]

[[12]]

[[13]]

[[14]]

[[15]]

[[16]]

[[17]]

[[18]]

[[19]]

[[20]]

[[21]]

[[22]]

[[23]]

[[24]]

[[25]]

[[26]]

[[27]]

[[28]]

[[29]]

[[30]]

[[31]]

[[32]]

[[33]]

[[34]]

[[35]]

[[1]]

[[2]]

[[3]]

[[4]]

[[5]]

[[6]]

[[7]]

[[8]]

[[9]]

[[10]]

[[11]]

[[12]]

[[13]]

[[14]]

[[15]]

[[16]]

[[17]]

[[18]]

[[19]]

[[20]]

[[21]]

[[22]]

[[23]]

[[24]]

[[25]]

[[26]]

[[27]]

[[28]]

[[29]]

[[30]]

[[31]]

[[32]]

[[33]]

[[34]]

[[35]]

[[36]]

[[37]]

[[38]]

[[39]]

[[40]]

[[1]]

[[2]]

[[3]]

[[4]]

[[5]]

[[6]]

[[7]]

[[8]]

[[9]]

[[10]]

[[11]]

[[12]]

[[13]]

[[14]]

[[15]]

[[1]]

[[2]]

[[3]]

[[4]]

[[5]]

[[6]]

[[7]]

[[8]]

[[9]]

[[10]]

[[11]]

[[12]]

[[13]]

[[14]]

[[15]]

[[16]]

[[17]]

[[18]]

[[19]]

[[20]]

[[21]]

[[22]]

[[1]]

[[2]]

[[3]]

[[4]]

[[5]]

[[6]]

[[7]]

[[8]]

[[9]]

[[10]]

[[11]]

[[12]]

[[13]]

[[14]]

[[15]]

[[16]]

[[17]]

[[18]]

[[19]]

[[20]]

[[21]]

[[22]]

[[23]]

[[24]]

[[25]]

[[26]]

[[27]]

[[28]]

[[29]]

[[30]]

[[31]]

[[32]]

[[33]]

[[34]]

[[35]]

[[36]]

[[37]]

[[38]]

[[39]]

[[40]]

[[41]]

[[42]]

[[43]]

[[1]]

[[2]]

[[3]]

[[4]]

[[5]]

[[6]]

[[7]]

[[8]]

[[9]]

[[10]]

[[11]]

[[12]]

[[13]]

[[14]]

[[15]]

[[16]]

[[17]]

[[18]]

[[19]]

[[20]]

[[21]]

[[22]]

[[1]]

[[2]]

[[3]]

[[4]]

[[5]]

[[6]]

[[7]]

[[8]]

[[9]]

[[10]]

[[11]]

[[12]]

[[13]]

[[14]]

[[15]]

[[16]]

[[17]]

[[18]]

[[19]]

[[20]]

[[21]]

[[22]]

[[23]]

[[24]]

[[25]]

[[26]]

[[27]]

[[28]]

[[29]]

[[30]]

[[31]]

[[32]]

[[33]]

[[34]]

[[35]]

[[36]]

[[37]]

[[38]]

[[1]]

[[2]]

[[3]]

[[4]]

[[5]]

[[6]]

[[7]]

[[8]]

[[9]]

[[10]]

[[11]]

[[12]]

[[13]]

[[14]]

[[15]]

[[16]]

[[17]]

[[18]]

[[19]]

[[20]]

[[21]]

[[22]]

[[23]]

[[24]]

[[25]]

[[26]]

[[27]]

[[28]]

[[29]]

[[30]]

[[31]]

[[32]]

[[33]]

[[34]]

[[35]]

[[36]]

[[1]]

[[2]]

[[3]]

[[4]]

[[5]]

[[6]]

[[7]]

[[8]]

[[9]]

[[10]]

[[11]]

[[12]]

[[13]]

[[14]]

[[15]]

[[16]]

[[17]]

[[18]]

[[19]]

[[20]]

[[21]]

[[22]]

[[23]]

[[24]]

[[25]]

[[26]]

[[27]]

[[28]]

[[29]]

[[1]]

[[2]]

[[3]]

[[4]]

[[5]]

[[6]]

[[7]]

[[8]]

[[9]]

[[10]]

[[11]]

[[12]]

[[13]]

[[14]]

[[15]]

[[16]]

[[17]]

[[18]]

[[19]]

[[20]]

[[21]]

[[22]]

[[1]]

[[2]]

[[3]]

[[4]]

[[1]]

[[2]]

[[3]]

[[4]]

[[5]]

[[1]]

[[2]]

[[3]]

[[1]]

[[2]]

[[3]]

[[4]]

[[5]]

[[6]]

[[1]]

[[2]]

[[3]]

[[4]]

[[5]]

[[1]]

[[2]]

[[3]]

[[4]]

[[5]]

[[6]]

[[1]]

[[2]]

[[3]]

[[1]]

[[2]]

[[3]]

[[4]]

[[1]]

[[2]]

[[3]]

[[4]]

[[5]]

[[6]]

[[7]]

[[1]]

[[2]]

[[3]]

[[4]]

[[1]]

[[2]]

[[3]]

[[4]]

[[5]]

[[6]]

[[1]]

[[2]]

[[3]]

[[4]]

[[5]]

[[6]]

[[1]]

[[2]]

[[3]]

[[4]]

[[5]]

[[1]]

[[2]]

[[3]]

[[4]]

 [1] "extracting EEM data from files"                                                
 [2] "[1] \"Good. All SEM files exist.\""                                            
 [3] "Absorbance (ABS) files detected, reading absorbance data"                      
 [4] "calculating Raman Areas"                                                       
 [5] "performing Inner Filter Correction"                                            
 [6] "performing Raman scaling"                                                      
 [7] "performing Rayleigh scatter subtraction"                                       
 [8] "writing out cleaned EEM files to directory processed_data > processed_matrices"
 [9] "calculating indices"                                                           
[10] "index calculated:  CobleA"                                                     
[11] "index calculated:  CobleB"                                                     
[12] "index calculated:  CobleC"                                                     
[13] "index calculated:  CobleM"                                                     
[14] "index calculated:  CobleT"                                                     
[15] "index calculated:  Fpeak"                                                      
[16] "index calculated:  Stedmon_D"                                                  
[17] "index calculated:  Optical_Brighteners"                                        
[18] "index calculated:  dieselBandII"                                               
[19] "index calculated:  Petroleum"                                                  
[20] "index calculated:  Lignin"                                                     
[21] "index calculated:  BIX"                                                        
[22] "index calculated:  HIX"                                                        
[23] "index calculated:  FI"                                                         
[24] "index calculated:  M_to_C"                                                     
[25] "index calculated:  JP5_empirical"                                              
[26] "index calculated:  JP5_normalized"                                             
[27] "index calculated:  Diesel_Chen"                                                
[28] "writing out indices to processed_data > fDOM_indices_out.csv"                  
[29] "DONE: indices written out to RRCoral_1_fDOM_indices_out.csv"                   
